[2022-08-21 08:46:08] local.ERROR: syntax error, unexpected token ";", expecting "]" {"exception":"[object] (ParseError(code: 0): syntax error, unexpected token \";\", expecting \"]\" at F:\\xampp\\htdocs\\JwtAuth\\app\\Http\\Controllers\\UserController.php:32)
[stacktrace]
#0 F:\\xampp\\htdocs\\JwtAuth\\vendor\\composer\\ClassLoader.php(428): Composer\\Autoload\\includeFile('F:\\\\xampp\\\\htdocs...')
#1 [internal function]: Composer\\Autoload\\ClassLoader->loadClass('App\\\\Http\\\\Contro...')
#2 F:\\xampp\\htdocs\\JwtAuth\\vendor\\laravel\\framework\\src\\Illuminate\\Container\\Container.php(875): ReflectionClass->__construct('App\\\\Http\\\\Contro...')
#3 F:\\xampp\\htdocs\\JwtAuth\\vendor\\laravel\\framework\\src\\Illuminate\\Container\\Container.php(756): Illuminate\\Container\\Container->build('App\\\\Http\\\\Contro...')
#4 F:\\xampp\\htdocs\\JwtAuth\\vendor\\laravel\\framework\\src\\Illuminate\\Foundation\\Application.php(857): Illuminate\\Container\\Container->resolve('App\\\\Http\\\\Contro...', Array, true)
#5 F:\\xampp\\htdocs\\JwtAuth\\vendor\\laravel\\framework\\src\\Illuminate\\Container\\Container.php(692): Illuminate\\Foundation\\Application->resolve('App\\\\Http\\\\Contro...', Array)
#6 F:\\xampp\\htdocs\\JwtAuth\\vendor\\laravel\\framework\\src\\Illuminate\\Foundation\\Application.php(842): Illuminate\\Container\\Container->make('App\\\\Http\\\\Contro...', Array)
#7 F:\\xampp\\htdocs\\JwtAuth\\vendor\\laravel\\framework\\src\\Illuminate\\Routing\\Route.php(275): Illuminate\\Foundation\\Application->make('App\\\\Http\\\\Contro...')
#8 F:\\xampp\\htdocs\\JwtAuth\\vendor\\laravel\\framework\\src\\Illuminate\\Routing\\Route.php(1081): Illuminate\\Routing\\Route->getController()
#9 F:\\xampp\\htdocs\\JwtAuth\\vendor\\laravel\\framework\\src\\Illuminate\\Routing\\Route.php(1024): Illuminate\\Routing\\Route->controllerMiddleware()
#10 F:\\xampp\\htdocs\\JwtAuth\\vendor\\laravel\\framework\\src\\Illuminate\\Routing\\Router.php(737): Illuminate\\Routing\\Route->gatherMiddleware()
#11 F:\\xampp\\htdocs\\JwtAuth\\vendor\\laravel\\framework\\src\\Illuminate\\Routing\\Router.php(719): Illuminate\\Routing\\Router->gatherRouteMiddleware(Object(Illuminate\\Routing\\Route))
#12 F:\\xampp\\htdocs\\JwtAuth\\vendor\\laravel\\framework\\src\\Illuminate\\Routing\\Router.php(703): Illuminate\\Routing\\Router->runRouteWithinStack(Object(Illuminate\\Routing\\Route), Object(Illuminate\\Http\\Request))
#13 F:\\xampp\\htdocs\\JwtAuth\\vendor\\laravel\\framework\\src\\Illuminate\\Routing\\Router.php(667): Illuminate\\Routing\\Router->runRoute(Object(Illuminate\\Http\\Request), Object(Illuminate\\Routing\\Route))
#14 F:\\xampp\\htdocs\\JwtAuth\\vendor\\laravel\\framework\\src\\Illuminate\\Routing\\Router.php(656): Illuminate\\Routing\\Router->dispatchToRoute(Object(Illuminate\\Http\\Request))
#15 F:\\xampp\\htdocs\\JwtAuth\\vendor\\laravel\\framework\\src\\Illuminate\\Foundation\\Http\\Kernel.php(167): Illuminate\\Routing\\Router->dispatch(Object(Illuminate\\Http\\Request))
#16 F:\\xampp\\htdocs\\JwtAuth\\vendor\\laravel\\framework\\src\\Illuminate\\Pipeline\\Pipeline.php(141): Illuminate\\Foundation\\Http\\Kernel->Illuminate\\Foundation\\Http\\{closure}(Object(Illuminate\\Http\\Request))
#17 F:\\xampp\\htdocs\\JwtAuth\\vendor\\laravel\\framework\\src\\Illuminate\\Foundation\\Http\\Middleware\\TransformsRequest.php(21): Illuminate\\Pipeline\\Pipeline->Illuminate\\Pipeline\\{closure}(Object(Illuminate\\Http\\Request))
#18 F:\\xampp\\htdocs\\JwtAuth\\vendor\\laravel\\framework\\src\\Illuminate\\Foundation\\Http\\Middleware\\ConvertEmptyStringsToNull.php(31): Illuminate\\Foundation\\Http\\Middleware\\TransformsRequest->handle(Object(Illuminate\\Http\\Request), Object(Closure))
#19 F:\\xampp\\htdocs\\JwtAuth\\vendor\\laravel\\framework\\src\\Illuminate\\Pipeline\\Pipeline.php(180): Illuminate\\Foundation\\Http\\Middleware\\ConvertEmptyStringsToNull->handle(Object(Illuminate\\Http\\Request), Object(Closure))
#20 F:\\xampp\\htdocs\\JwtAuth\\vendor\\laravel\\framework\\src\\Illuminate\\Foundation\\Http\\Middleware\\TransformsRequest.php(21): Illuminate\\Pipeline\\Pipeline->Illuminate\\Pipeline\\{closure}(Object(Illuminate\\Http\\Request))
#21 F:\\xampp\\htdocs\\JwtAuth\\vendor\\laravel\\framework\\src\\Illuminate\\Foundation\\Http\\Middleware\\TrimStrings.php(40): Illuminate\\Foundation\\Http\\Middleware\\TransformsRequest->handle(Object(Illuminate\\Http\\Request), Object(Closure))
#22 F:\\xampp\\htdocs\\JwtAuth\\vendor\\laravel\\framework\\src\\Illuminate\\Pipeline\\Pipeline.php(180): Illuminate\\Foundation\\Http\\Middleware\\TrimStrings->handle(Object(Illuminate\\Http\\Request), Object(Closure))
#23 F:\\xampp\\htdocs\\JwtAuth\\vendor\\laravel\\framework\\src\\Illuminate\\Foundation\\Http\\Middleware\\ValidatePostSize.php(27): Illuminate\\Pipeline\\Pipeline->Illuminate\\Pipeline\\{closure}(Object(Illuminate\\Http\\Request))
#24 F:\\xampp\\htdocs\\JwtAuth\\vendor\\laravel\\framework\\src\\Illuminate\\Pipeline\\Pipeline.php(180): Illuminate\\Foundation\\Http\\Middleware\\ValidatePostSize->handle(Object(Illuminate\\Http\\Request), Object(Closure))
#25 F:\\xampp\\htdocs\\JwtAuth\\vendor\\laravel\\framework\\src\\Illuminate\\Foundation\\Http\\Middleware\\PreventRequestsDuringMaintenance.php(86): Illuminate\\Pipeline\\Pipeline->Illuminate\\Pipeline\\{closure}(Object(Illuminate\\Http\\Request))
#26 F:\\xampp\\htdocs\\JwtAuth\\vendor\\laravel\\framework\\src\\Illuminate\\Pipeline\\Pipeline.php(180): Illuminate\\Foundation\\Http\\Middleware\\PreventRequestsDuringMaintenance->handle(Object(Illuminate\\Http\\Request), Object(Closure))
#27 F:\\xampp\\htdocs\\JwtAuth\\vendor\\laravel\\framework\\src\\Illuminate\\Http\\Middleware\\HandleCors.php(62): Illuminate\\Pipeline\\Pipeline->Illuminate\\Pipeline\\{closure}(Object(Illuminate\\Http\\Request))
#28 F:\\xampp\\htdocs\\JwtAuth\\vendor\\laravel\\framework\\src\\Illuminate\\Pipeline\\Pipeline.php(180): Illuminate\\Http\\Middleware\\HandleCors->handle(Object(Illuminate\\Http\\Request), Object(Closure))
#29 F:\\xampp\\htdocs\\JwtAuth\\vendor\\laravel\\framework\\src\\Illuminate\\Http\\Middleware\\TrustProxies.php(39): Illuminate\\Pipeline\\Pipeline->Illuminate\\Pipeline\\{closure}(Object(Illuminate\\Http\\Request))
#30 F:\\xampp\\htdocs\\JwtAuth\\vendor\\laravel\\framework\\src\\Illuminate\\Pipeline\\Pipeline.php(180): Illuminate\\Http\\Middleware\\TrustProxies->handle(Object(Illuminate\\Http\\Request), Object(Closure))
#31 F:\\xampp\\htdocs\\JwtAuth\\vendor\\laravel\\framework\\src\\Illuminate\\Pipeline\\Pipeline.php(116): Illuminate\\Pipeline\\Pipeline->Illuminate\\Pipeline\\{closure}(Object(Illuminate\\Http\\Request))
#32 F:\\xampp\\htdocs\\JwtAuth\\vendor\\laravel\\framework\\src\\Illuminate\\Foundation\\Http\\Kernel.php(142): Illuminate\\Pipeline\\Pipeline->then(Object(Closure))
#33 F:\\xampp\\htdocs\\JwtAuth\\vendor\\laravel\\framework\\src\\Illuminate\\Foundation\\Http\\Kernel.php(111): Illuminate\\Foundation\\Http\\Kernel->sendRequestThroughRouter(Object(Illuminate\\Http\\Request))
#34 F:\\xampp\\htdocs\\JwtAuth\\public\\index.php(52): Illuminate\\Foundation\\Http\\Kernel->handle(Object(Illuminate\\Http\\Request))
#35 F:\\xampp\\htdocs\\JwtAuth\\vendor\\laravel\\framework\\src\\Illuminate\\Foundation\\resources\\server.php(16): require_once('F:\\\\xampp\\\\htdocs...')
#36 {main}
"} 
[2022-08-21 08:46:53] local.ERROR: Secret is not set. {"exception":"[object] (Tymon\\JWTAuth\\Exceptions\\JWTException(code: 0): Secret is not set. at F:\\xampp\\htdocs\\JwtAuth\\vendor\\tymon\\jwt-auth\\src\\Providers\\JWT\\Lcobucci.php:244)
[stacktrace]
#0 F:\\xampp\\htdocs\\JwtAuth\\vendor\\tymon\\jwt-auth\\src\\Providers\\JWT\\Lcobucci.php(186): Tymon\\JWTAuth\\Providers\\JWT\\Lcobucci->getSigningKey()
#1 F:\\xampp\\htdocs\\JwtAuth\\vendor\\tymon\\jwt-auth\\src\\Providers\\JWT\\Lcobucci.php(57): Tymon\\JWTAuth\\Providers\\JWT\\Lcobucci->buildConfig()
#2 F:\\xampp\\htdocs\\JwtAuth\\vendor\\tymon\\jwt-auth\\src\\Providers\\AbstractServiceProvider.php(170): Tymon\\JWTAuth\\Providers\\JWT\\Lcobucci->__construct(NULL, 'HS256', Array)
#3 F:\\xampp\\htdocs\\JwtAuth\\vendor\\laravel\\framework\\src\\Illuminate\\Container\\Container.php(871): Tymon\\JWTAuth\\Providers\\AbstractServiceProvider->Tymon\\JWTAuth\\Providers\\{closure}(Object(Illuminate\\Foundation\\Application), Array)
#4 F:\\xampp\\htdocs\\JwtAuth\\vendor\\laravel\\framework\\src\\Illuminate\\Container\\Container.php(756): Illuminate\\Container\\Container->build(Object(Closure))
#5 F:\\xampp\\htdocs\\JwtAuth\\vendor\\laravel\\framework\\src\\Illuminate\\Foundation\\Application.php(857): Illuminate\\Container\\Container->resolve('tymon.jwt.provi...', Array, true)
#6 F:\\xampp\\htdocs\\JwtAuth\\vendor\\laravel\\framework\\src\\Illuminate\\Container\\Container.php(692): Illuminate\\Foundation\\Application->resolve('tymon.jwt.provi...', Array)
#7 F:\\xampp\\htdocs\\JwtAuth\\vendor\\laravel\\framework\\src\\Illuminate\\Foundation\\Application.php(842): Illuminate\\Container\\Container->make('tymon.jwt.provi...', Array)
#8 F:\\xampp\\htdocs\\JwtAuth\\vendor\\tymon\\jwt-auth\\src\\Providers\\AbstractServiceProvider.php(367): Illuminate\\Foundation\\Application->make('tymon.jwt.provi...')
#9 F:\\xampp\\htdocs\\JwtAuth\\vendor\\tymon\\jwt-auth\\src\\Providers\\AbstractServiceProvider.php(138): Tymon\\JWTAuth\\Providers\\AbstractServiceProvider->getConfigInstance('providers.jwt')
#10 F:\\xampp\\htdocs\\JwtAuth\\vendor\\laravel\\framework\\src\\Illuminate\\Container\\Container.php(871): Tymon\\JWTAuth\\Providers\\AbstractServiceProvider->Tymon\\JWTAuth\\Providers\\{closure}(Object(Illuminate\\Foundation\\Application), Array)
#11 F:\\xampp\\htdocs\\JwtAuth\\vendor\\laravel\\framework\\src\\Illuminate\\Container\\Container.php(756): Illuminate\\Container\\Container->build(Object(Closure))
#12 F:\\xampp\\htdocs\\JwtAuth\\vendor\\laravel\\framework\\src\\Illuminate\\Foundation\\Application.php(857): Illuminate\\Container\\Container->resolve('tymon.jwt.provi...', Array, true)
#13 F:\\xampp\\htdocs\\JwtAuth\\vendor\\laravel\\framework\\src\\Illuminate\\Container\\Container.php(692): Illuminate\\Foundation\\Application->resolve('tymon.jwt.provi...', Array)
#14 F:\\xampp\\htdocs\\JwtAuth\\vendor\\laravel\\framework\\src\\Illuminate\\Foundation\\Application.php(842): Illuminate\\Container\\Container->make('tymon.jwt.provi...', Array)
#15 F:\\xampp\\htdocs\\JwtAuth\\vendor\\laravel\\framework\\src\\Illuminate\\Container\\Container.php(1415): Illuminate\\Foundation\\Application->make('tymon.jwt.provi...')
#16 F:\\xampp\\htdocs\\JwtAuth\\vendor\\tymon\\jwt-auth\\src\\Providers\\AbstractServiceProvider.php(208): Illuminate\\Container\\Container->offsetGet('tymon.jwt.provi...')
#17 F:\\xampp\\htdocs\\JwtAuth\\vendor\\laravel\\framework\\src\\Illuminate\\Container\\Container.php(871): Tymon\\JWTAuth\\Providers\\AbstractServiceProvider->Tymon\\JWTAuth\\Providers\\{closure}(Object(Illuminate\\Foundation\\Application), Array)
#18 F:\\xampp\\htdocs\\JwtAuth\\vendor\\laravel\\framework\\src\\Illuminate\\Container\\Container.php(756): Illuminate\\Container\\Container->build(Object(Closure))
#19 F:\\xampp\\htdocs\\JwtAuth\\vendor\\laravel\\framework\\src\\Illuminate\\Foundation\\Application.php(857): Illuminate\\Container\\Container->resolve('tymon.jwt.manag...', Array, true)
#20 F:\\xampp\\htdocs\\JwtAuth\\vendor\\laravel\\framework\\src\\Illuminate\\Container\\Container.php(692): Illuminate\\Foundation\\Application->resolve('tymon.jwt.manag...', Array)
#21 F:\\xampp\\htdocs\\JwtAuth\\vendor\\laravel\\framework\\src\\Illuminate\\Foundation\\Application.php(842): Illuminate\\Container\\Container->make('tymon.jwt.manag...', Array)
#22 F:\\xampp\\htdocs\\JwtAuth\\vendor\\laravel\\framework\\src\\Illuminate\\Container\\Container.php(1415): Illuminate\\Foundation\\Application->make('tymon.jwt.manag...')
#23 F:\\xampp\\htdocs\\JwtAuth\\vendor\\tymon\\jwt-auth\\src\\Providers\\AbstractServiceProvider.php(250): Illuminate\\Container\\Container->offsetGet('tymon.jwt.manag...')
#24 F:\\xampp\\htdocs\\JwtAuth\\vendor\\laravel\\framework\\src\\Illuminate\\Container\\Container.php(871): Tymon\\JWTAuth\\Providers\\AbstractServiceProvider->Tymon\\JWTAuth\\Providers\\{closure}(Object(Illuminate\\Foundation\\Application), Array)
#25 F:\\xampp\\htdocs\\JwtAuth\\vendor\\laravel\\framework\\src\\Illuminate\\Container\\Container.php(756): Illuminate\\Container\\Container->build(Object(Closure))
#26 F:\\xampp\\htdocs\\JwtAuth\\vendor\\laravel\\framework\\src\\Illuminate\\Foundation\\Application.php(857): Illuminate\\Container\\Container->resolve('tymon.jwt', Array, true)
#27 F:\\xampp\\htdocs\\JwtAuth\\vendor\\laravel\\framework\\src\\Illuminate\\Container\\Container.php(692): Illuminate\\Foundation\\Application->resolve('tymon.jwt', Array)
#28 F:\\xampp\\htdocs\\JwtAuth\\vendor\\laravel\\framework\\src\\Illuminate\\Foundation\\Application.php(842): Illuminate\\Container\\Container->make('tymon.jwt', Array)
#29 F:\\xampp\\htdocs\\JwtAuth\\vendor\\laravel\\framework\\src\\Illuminate\\Container\\Container.php(1415): Illuminate\\Foundation\\Application->make('tymon.jwt')
#30 F:\\xampp\\htdocs\\JwtAuth\\vendor\\tymon\\jwt-auth\\src\\Providers\\AbstractServiceProvider.php(96): Illuminate\\Container\\Container->offsetGet('tymon.jwt')
#31 F:\\xampp\\htdocs\\JwtAuth\\vendor\\laravel\\framework\\src\\Illuminate\\Auth\\AuthManager.php(109): Tymon\\JWTAuth\\Providers\\AbstractServiceProvider->Tymon\\JWTAuth\\Providers\\{closure}(Object(Illuminate\\Foundation\\Application), 'api', Array)
#32 F:\\xampp\\htdocs\\JwtAuth\\vendor\\laravel\\framework\\src\\Illuminate\\Auth\\AuthManager.php(86): Illuminate\\Auth\\AuthManager->callCustomCreator('api', Array)
#33 F:\\xampp\\htdocs\\JwtAuth\\vendor\\laravel\\framework\\src\\Illuminate\\Auth\\AuthManager.php(66): Illuminate\\Auth\\AuthManager->resolve('api')
#34 F:\\xampp\\htdocs\\JwtAuth\\vendor\\laravel\\framework\\src\\Illuminate\\Auth\\AuthManager.php(53): Illuminate\\Auth\\AuthManager->guard('api')
#35 [internal function]: Illuminate\\Auth\\AuthManager->Illuminate\\Auth\\{closure}(NULL)
#36 F:\\xampp\\htdocs\\JwtAuth\\vendor\\laravel\\framework\\src\\Illuminate\\Auth\\AuthServiceProvider.php(89): call_user_func(Object(Closure), NULL)
#37 [internal function]: Illuminate\\Auth\\AuthServiceProvider->Illuminate\\Auth\\{closure}(NULL)
#38 F:\\xampp\\htdocs\\JwtAuth\\vendor\\laravel\\framework\\src\\Illuminate\\Http\\Request.php(605): call_user_func(Object(Closure), NULL)
#39 F:\\xampp\\htdocs\\JwtAuth\\app\\Providers\\RouteServiceProvider.php(49): Illuminate\\Http\\Request->user()
#40 F:\\xampp\\htdocs\\JwtAuth\\vendor\\laravel\\framework\\src\\Illuminate\\Routing\\Middleware\\ThrottleRequests.php(84): App\\Providers\\RouteServiceProvider->App\\Providers\\{closure}(Object(Illuminate\\Http\\Request))
#41 F:\\xampp\\htdocs\\JwtAuth\\vendor\\laravel\\framework\\src\\Illuminate\\Routing\\Middleware\\ThrottleRequests.php(54): Illuminate\\Routing\\Middleware\\ThrottleRequests->handleRequestUsingNamedLimiter(Object(Illuminate\\Http\\Request), Object(Closure), 'api', Object(Closure))
#42 F:\\xampp\\htdocs\\JwtAuth\\vendor\\laravel\\framework\\src\\Illuminate\\Pipeline\\Pipeline.php(180): Illuminate\\Routing\\Middleware\\ThrottleRequests->handle(Object(Illuminate\\Http\\Request), Object(Closure), 'api')
#43 F:\\xampp\\htdocs\\JwtAuth\\vendor\\laravel\\framework\\src\\Illuminate\\Pipeline\\Pipeline.php(116): Illuminate\\Pipeline\\Pipeline->Illuminate\\Pipeline\\{closure}(Object(Illuminate\\Http\\Request))
#44 F:\\xampp\\htdocs\\JwtAuth\\vendor\\laravel\\framework\\src\\Illuminate\\Routing\\Router.php(726): Illuminate\\Pipeline\\Pipeline->then(Object(Closure))
#45 F:\\xampp\\htdocs\\JwtAuth\\vendor\\laravel\\framework\\src\\Illuminate\\Routing\\Router.php(703): Illuminate\\Routing\\Router->runRouteWithinStack(Object(Illuminate\\Routing\\Route), Object(Illuminate\\Http\\Request))
#46 F:\\xampp\\htdocs\\JwtAuth\\vendor\\laravel\\framework\\src\\Illuminate\\Routing\\Router.php(667): Illuminate\\Routing\\Router->runRoute(Object(Illuminate\\Http\\Request), Object(Illuminate\\Routing\\Route))
#47 F:\\xampp\\htdocs\\JwtAuth\\vendor\\laravel\\framework\\src\\Illuminate\\Routing\\Router.php(656): Illuminate\\Routing\\Router->dispatchToRoute(Object(Illuminate\\Http\\Request))
#48 F:\\xampp\\htdocs\\JwtAuth\\vendor\\laravel\\framework\\src\\Illuminate\\Foundation\\Http\\Kernel.php(167): Illuminate\\Routing\\Router->dispatch(Object(Illuminate\\Http\\Request))
#49 F:\\xampp\\htdocs\\JwtAuth\\vendor\\laravel\\framework\\src\\Illuminate\\Pipeline\\Pipeline.php(141): Illuminate\\Foundation\\Http\\Kernel->Illuminate\\Foundation\\Http\\{closure}(Object(Illuminate\\Http\\Request))
#50 F:\\xampp\\htdocs\\JwtAuth\\vendor\\laravel\\framework\\src\\Illuminate\\Foundation\\Http\\Middleware\\TransformsRequest.php(21): Illuminate\\Pipeline\\Pipeline->Illuminate\\Pipeline\\{closure}(Object(Illuminate\\Http\\Request))
#51 F:\\xampp\\htdocs\\JwtAuth\\vendor\\laravel\\framework\\src\\Illuminate\\Foundation\\Http\\Middleware\\ConvertEmptyStringsToNull.php(31): Illuminate\\Foundation\\Http\\Middleware\\TransformsRequest->handle(Object(Illuminate\\Http\\Request), Object(Closure))
#52 F:\\xampp\\htdocs\\JwtAuth\\vendor\\laravel\\framework\\src\\Illuminate\\Pipeline\\Pipeline.php(180): Illuminate\\Foundation\\Http\\Middleware\\ConvertEmptyStringsToNull->handle(Object(Illuminate\\Http\\Request), Object(Closure))
#53 F:\\xampp\\htdocs\\JwtAuth\\vendor\\laravel\\framework\\src\\Illuminate\\Foundation\\Http\\Middleware\\TransformsRequest.php(21): Illuminate\\Pipeline\\Pipeline->Illuminate\\Pipeline\\{closure}(Object(Illuminate\\Http\\Request))
#54 F:\\xampp\\htdocs\\JwtAuth\\vendor\\laravel\\framework\\src\\Illuminate\\Foundation\\Http\\Middleware\\TrimStrings.php(40): Illuminate\\Foundation\\Http\\Middleware\\TransformsRequest->handle(Object(Illuminate\\Http\\Request), Object(Closure))
#55 F:\\xampp\\htdocs\\JwtAuth\\vendor\\laravel\\framework\\src\\Illuminate\\Pipeline\\Pipeline.php(180): Illuminate\\Foundation\\Http\\Middleware\\TrimStrings->handle(Object(Illuminate\\Http\\Request), Object(Closure))
#56 F:\\xampp\\htdocs\\JwtAuth\\vendor\\laravel\\framework\\src\\Illuminate\\Foundation\\Http\\Middleware\\ValidatePostSize.php(27): Illuminate\\Pipeline\\Pipeline->Illuminate\\Pipeline\\{closure}(Object(Illuminate\\Http\\Request))
#57 F:\\xampp\\htdocs\\JwtAuth\\vendor\\laravel\\framework\\src\\Illuminate\\Pipeline\\Pipeline.php(180): Illuminate\\Foundation\\Http\\Middleware\\ValidatePostSize->handle(Object(Illuminate\\Http\\Request), Object(Closure))
#58 F:\\xampp\\htdocs\\JwtAuth\\vendor\\laravel\\framework\\src\\Illuminate\\Foundation\\Http\\Middleware\\PreventRequestsDuringMaintenance.php(86): Illuminate\\Pipeline\\Pipeline->Illuminate\\Pipeline\\{closure}(Object(Illuminate\\Http\\Request))
#59 F:\\xampp\\htdocs\\JwtAuth\\vendor\\laravel\\framework\\src\\Illuminate\\Pipeline\\Pipeline.php(180): Illuminate\\Foundation\\Http\\Middleware\\PreventRequestsDuringMaintenance->handle(Object(Illuminate\\Http\\Request), Object(Closure))
#60 F:\\xampp\\htdocs\\JwtAuth\\vendor\\laravel\\framework\\src\\Illuminate\\Http\\Middleware\\HandleCors.php(62): Illuminate\\Pipeline\\Pipeline->Illuminate\\Pipeline\\{closure}(Object(Illuminate\\Http\\Request))
#61 F:\\xampp\\htdocs\\JwtAuth\\vendor\\laravel\\framework\\src\\Illuminate\\Pipeline\\Pipeline.php(180): Illuminate\\Http\\Middleware\\HandleCors->handle(Object(Illuminate\\Http\\Request), Object(Closure))
#62 F:\\xampp\\htdocs\\JwtAuth\\vendor\\laravel\\framework\\src\\Illuminate\\Http\\Middleware\\TrustProxies.php(39): Illuminate\\Pipeline\\Pipeline->Illuminate\\Pipeline\\{closure}(Object(Illuminate\\Http\\Request))
#63 F:\\xampp\\htdocs\\JwtAuth\\vendor\\laravel\\framework\\src\\Illuminate\\Pipeline\\Pipeline.php(180): Illuminate\\Http\\Middleware\\TrustProxies->handle(Object(Illuminate\\Http\\Request), Object(Closure))
#64 F:\\xampp\\htdocs\\JwtAuth\\vendor\\laravel\\framework\\src\\Illuminate\\Pipeline\\Pipeline.php(116): Illuminate\\Pipeline\\Pipeline->Illuminate\\Pipeline\\{closure}(Object(Illuminate\\Http\\Request))
#65 F:\\xampp\\htdocs\\JwtAuth\\vendor\\laravel\\framework\\src\\Illuminate\\Foundation\\Http\\Kernel.php(142): Illuminate\\Pipeline\\Pipeline->then(Object(Closure))
#66 F:\\xampp\\htdocs\\JwtAuth\\vendor\\laravel\\framework\\src\\Illuminate\\Foundation\\Http\\Kernel.php(111): Illuminate\\Foundation\\Http\\Kernel->sendRequestThroughRouter(Object(Illuminate\\Http\\Request))
#67 F:\\xampp\\htdocs\\JwtAuth\\public\\index.php(52): Illuminate\\Foundation\\Http\\Kernel->handle(Object(Illuminate\\Http\\Request))
#68 F:\\xampp\\htdocs\\JwtAuth\\vendor\\laravel\\framework\\src\\Illuminate\\Foundation\\resources\\server.php(16): require_once('F:\\\\xampp\\\\htdocs...')
#69 {main}
"} 
[2022-08-21 08:50:55] local.ERROR: Secret is not set. {"exception":"[object] (Tymon\\JWTAuth\\Exceptions\\JWTException(code: 0): Secret is not set. at F:\\xampp\\htdocs\\JwtAuth\\vendor\\tymon\\jwt-auth\\src\\Providers\\JWT\\Lcobucci.php:244)
[stacktrace]
#0 F:\\xampp\\htdocs\\JwtAuth\\vendor\\tymon\\jwt-auth\\src\\Providers\\JWT\\Lcobucci.php(186): Tymon\\JWTAuth\\Providers\\JWT\\Lcobucci->getSigningKey()
#1 F:\\xampp\\htdocs\\JwtAuth\\vendor\\tymon\\jwt-auth\\src\\Providers\\JWT\\Lcobucci.php(57): Tymon\\JWTAuth\\Providers\\JWT\\Lcobucci->buildConfig()
#2 F:\\xampp\\htdocs\\JwtAuth\\vendor\\tymon\\jwt-auth\\src\\Providers\\AbstractServiceProvider.php(170): Tymon\\JWTAuth\\Providers\\JWT\\Lcobucci->__construct(NULL, 'HS256', Array)
#3 F:\\xampp\\htdocs\\JwtAuth\\vendor\\laravel\\framework\\src\\Illuminate\\Container\\Container.php(871): Tymon\\JWTAuth\\Providers\\AbstractServiceProvider->Tymon\\JWTAuth\\Providers\\{closure}(Object(Illuminate\\Foundation\\Application), Array)
#4 F:\\xampp\\htdocs\\JwtAuth\\vendor\\laravel\\framework\\src\\Illuminate\\Container\\Container.php(756): Illuminate\\Container\\Container->build(Object(Closure))
#5 F:\\xampp\\htdocs\\JwtAuth\\vendor\\laravel\\framework\\src\\Illuminate\\Foundation\\Application.php(857): Illuminate\\Container\\Container->resolve('tymon.jwt.provi...', Array, true)
#6 F:\\xampp\\htdocs\\JwtAuth\\vendor\\laravel\\framework\\src\\Illuminate\\Container\\Container.php(692): Illuminate\\Foundation\\Application->resolve('tymon.jwt.provi...', Array)
#7 F:\\xampp\\htdocs\\JwtAuth\\vendor\\laravel\\framework\\src\\Illuminate\\Foundation\\Application.php(842): Illuminate\\Container\\Container->make('tymon.jwt.provi...', Array)
#8 F:\\xampp\\htdocs\\JwtAuth\\vendor\\tymon\\jwt-auth\\src\\Providers\\AbstractServiceProvider.php(367): Illuminate\\Foundation\\Application->make('tymon.jwt.provi...')
#9 F:\\xampp\\htdocs\\JwtAuth\\vendor\\tymon\\jwt-auth\\src\\Providers\\AbstractServiceProvider.php(138): Tymon\\JWTAuth\\Providers\\AbstractServiceProvider->getConfigInstance('providers.jwt')
#10 F:\\xampp\\htdocs\\JwtAuth\\vendor\\laravel\\framework\\src\\Illuminate\\Container\\Container.php(871): Tymon\\JWTAuth\\Providers\\AbstractServiceProvider->Tymon\\JWTAuth\\Providers\\{closure}(Object(Illuminate\\Foundation\\Application), Array)
#11 F:\\xampp\\htdocs\\JwtAuth\\vendor\\laravel\\framework\\src\\Illuminate\\Container\\Container.php(756): Illuminate\\Container\\Container->build(Object(Closure))
#12 F:\\xampp\\htdocs\\JwtAuth\\vendor\\laravel\\framework\\src\\Illuminate\\Foundation\\Application.php(857): Illuminate\\Container\\Container->resolve('tymon.jwt.provi...', Array, true)
#13 F:\\xampp\\htdocs\\JwtAuth\\vendor\\laravel\\framework\\src\\Illuminate\\Container\\Container.php(692): Illuminate\\Foundation\\Application->resolve('tymon.jwt.provi...', Array)
#14 F:\\xampp\\htdocs\\JwtAuth\\vendor\\laravel\\framework\\src\\Illuminate\\Foundation\\Application.php(842): Illuminate\\Container\\Container->make('tymon.jwt.provi...', Array)
#15 F:\\xampp\\htdocs\\JwtAuth\\vendor\\laravel\\framework\\src\\Illuminate\\Container\\Container.php(1415): Illuminate\\Foundation\\Application->make('tymon.jwt.provi...')
#16 F:\\xampp\\htdocs\\JwtAuth\\vendor\\tymon\\jwt-auth\\src\\Providers\\AbstractServiceProvider.php(208): Illuminate\\Container\\Container->offsetGet('tymon.jwt.provi...')
#17 F:\\xampp\\htdocs\\JwtAuth\\vendor\\laravel\\framework\\src\\Illuminate\\Container\\Container.php(871): Tymon\\JWTAuth\\Providers\\AbstractServiceProvider->Tymon\\JWTAuth\\Providers\\{closure}(Object(Illuminate\\Foundation\\Application), Array)
#18 F:\\xampp\\htdocs\\JwtAuth\\vendor\\laravel\\framework\\src\\Illuminate\\Container\\Container.php(756): Illuminate\\Container\\Container->build(Object(Closure))
#19 F:\\xampp\\htdocs\\JwtAuth\\vendor\\laravel\\framework\\src\\Illuminate\\Foundation\\Application.php(857): Illuminate\\Container\\Container->resolve('tymon.jwt.manag...', Array, true)
#20 F:\\xampp\\htdocs\\JwtAuth\\vendor\\laravel\\framework\\src\\Illuminate\\Container\\Container.php(692): Illuminate\\Foundation\\Application->resolve('tymon.jwt.manag...', Array)
#21 F:\\xampp\\htdocs\\JwtAuth\\vendor\\laravel\\framework\\src\\Illuminate\\Foundation\\Application.php(842): Illuminate\\Container\\Container->make('tymon.jwt.manag...', Array)
#22 F:\\xampp\\htdocs\\JwtAuth\\vendor\\laravel\\framework\\src\\Illuminate\\Container\\Container.php(1415): Illuminate\\Foundation\\Application->make('tymon.jwt.manag...')
#23 F:\\xampp\\htdocs\\JwtAuth\\vendor\\tymon\\jwt-auth\\src\\Providers\\AbstractServiceProvider.php(250): Illuminate\\Container\\Container->offsetGet('tymon.jwt.manag...')
#24 F:\\xampp\\htdocs\\JwtAuth\\vendor\\laravel\\framework\\src\\Illuminate\\Container\\Container.php(871): Tymon\\JWTAuth\\Providers\\AbstractServiceProvider->Tymon\\JWTAuth\\Providers\\{closure}(Object(Illuminate\\Foundation\\Application), Array)
#25 F:\\xampp\\htdocs\\JwtAuth\\vendor\\laravel\\framework\\src\\Illuminate\\Container\\Container.php(756): Illuminate\\Container\\Container->build(Object(Closure))
#26 F:\\xampp\\htdocs\\JwtAuth\\vendor\\laravel\\framework\\src\\Illuminate\\Foundation\\Application.php(857): Illuminate\\Container\\Container->resolve('tymon.jwt', Array, true)
#27 F:\\xampp\\htdocs\\JwtAuth\\vendor\\laravel\\framework\\src\\Illuminate\\Container\\Container.php(692): Illuminate\\Foundation\\Application->resolve('tymon.jwt', Array)
#28 F:\\xampp\\htdocs\\JwtAuth\\vendor\\laravel\\framework\\src\\Illuminate\\Foundation\\Application.php(842): Illuminate\\Container\\Container->make('tymon.jwt', Array)
#29 F:\\xampp\\htdocs\\JwtAuth\\vendor\\laravel\\framework\\src\\Illuminate\\Container\\Container.php(1415): Illuminate\\Foundation\\Application->make('tymon.jwt')
#30 F:\\xampp\\htdocs\\JwtAuth\\vendor\\tymon\\jwt-auth\\src\\Providers\\AbstractServiceProvider.php(96): Illuminate\\Container\\Container->offsetGet('tymon.jwt')
#31 F:\\xampp\\htdocs\\JwtAuth\\vendor\\laravel\\framework\\src\\Illuminate\\Auth\\AuthManager.php(109): Tymon\\JWTAuth\\Providers\\AbstractServiceProvider->Tymon\\JWTAuth\\Providers\\{closure}(Object(Illuminate\\Foundation\\Application), 'api', Array)
#32 F:\\xampp\\htdocs\\JwtAuth\\vendor\\laravel\\framework\\src\\Illuminate\\Auth\\AuthManager.php(86): Illuminate\\Auth\\AuthManager->callCustomCreator('api', Array)
#33 F:\\xampp\\htdocs\\JwtAuth\\vendor\\laravel\\framework\\src\\Illuminate\\Auth\\AuthManager.php(66): Illuminate\\Auth\\AuthManager->resolve('api')
#34 F:\\xampp\\htdocs\\JwtAuth\\vendor\\laravel\\framework\\src\\Illuminate\\Auth\\AuthManager.php(53): Illuminate\\Auth\\AuthManager->guard('api')
#35 [internal function]: Illuminate\\Auth\\AuthManager->Illuminate\\Auth\\{closure}(NULL)
#36 F:\\xampp\\htdocs\\JwtAuth\\vendor\\laravel\\framework\\src\\Illuminate\\Auth\\AuthServiceProvider.php(89): call_user_func(Object(Closure), NULL)
#37 [internal function]: Illuminate\\Auth\\AuthServiceProvider->Illuminate\\Auth\\{closure}(NULL)
#38 F:\\xampp\\htdocs\\JwtAuth\\vendor\\laravel\\framework\\src\\Illuminate\\Http\\Request.php(605): call_user_func(Object(Closure), NULL)
#39 F:\\xampp\\htdocs\\JwtAuth\\app\\Providers\\RouteServiceProvider.php(49): Illuminate\\Http\\Request->user()
#40 F:\\xampp\\htdocs\\JwtAuth\\vendor\\laravel\\framework\\src\\Illuminate\\Routing\\Middleware\\ThrottleRequests.php(84): App\\Providers\\RouteServiceProvider->App\\Providers\\{closure}(Object(Illuminate\\Http\\Request))
#41 F:\\xampp\\htdocs\\JwtAuth\\vendor\\laravel\\framework\\src\\Illuminate\\Routing\\Middleware\\ThrottleRequests.php(54): Illuminate\\Routing\\Middleware\\ThrottleRequests->handleRequestUsingNamedLimiter(Object(Illuminate\\Http\\Request), Object(Closure), 'api', Object(Closure))
#42 F:\\xampp\\htdocs\\JwtAuth\\vendor\\laravel\\framework\\src\\Illuminate\\Pipeline\\Pipeline.php(180): Illuminate\\Routing\\Middleware\\ThrottleRequests->handle(Object(Illuminate\\Http\\Request), Object(Closure), 'api')
#43 F:\\xampp\\htdocs\\JwtAuth\\vendor\\laravel\\framework\\src\\Illuminate\\Pipeline\\Pipeline.php(116): Illuminate\\Pipeline\\Pipeline->Illuminate\\Pipeline\\{closure}(Object(Illuminate\\Http\\Request))
#44 F:\\xampp\\htdocs\\JwtAuth\\vendor\\laravel\\framework\\src\\Illuminate\\Routing\\Router.php(726): Illuminate\\Pipeline\\Pipeline->then(Object(Closure))
#45 F:\\xampp\\htdocs\\JwtAuth\\vendor\\laravel\\framework\\src\\Illuminate\\Routing\\Router.php(703): Illuminate\\Routing\\Router->runRouteWithinStack(Object(Illuminate\\Routing\\Route), Object(Illuminate\\Http\\Request))
#46 F:\\xampp\\htdocs\\JwtAuth\\vendor\\laravel\\framework\\src\\Illuminate\\Routing\\Router.php(667): Illuminate\\Routing\\Router->runRoute(Object(Illuminate\\Http\\Request), Object(Illuminate\\Routing\\Route))
#47 F:\\xampp\\htdocs\\JwtAuth\\vendor\\laravel\\framework\\src\\Illuminate\\Routing\\Router.php(656): Illuminate\\Routing\\Router->dispatchToRoute(Object(Illuminate\\Http\\Request))
#48 F:\\xampp\\htdocs\\JwtAuth\\vendor\\laravel\\framework\\src\\Illuminate\\Foundation\\Http\\Kernel.php(167): Illuminate\\Routing\\Router->dispatch(Object(Illuminate\\Http\\Request))
#49 F:\\xampp\\htdocs\\JwtAuth\\vendor\\laravel\\framework\\src\\Illuminate\\Pipeline\\Pipeline.php(141): Illuminate\\Foundation\\Http\\Kernel->Illuminate\\Foundation\\Http\\{closure}(Object(Illuminate\\Http\\Request))
#50 F:\\xampp\\htdocs\\JwtAuth\\vendor\\laravel\\framework\\src\\Illuminate\\Foundation\\Http\\Middleware\\TransformsRequest.php(21): Illuminate\\Pipeline\\Pipeline->Illuminate\\Pipeline\\{closure}(Object(Illuminate\\Http\\Request))
#51 F:\\xampp\\htdocs\\JwtAuth\\vendor\\laravel\\framework\\src\\Illuminate\\Foundation\\Http\\Middleware\\ConvertEmptyStringsToNull.php(31): Illuminate\\Foundation\\Http\\Middleware\\TransformsRequest->handle(Object(Illuminate\\Http\\Request), Object(Closure))
#52 F:\\xampp\\htdocs\\JwtAuth\\vendor\\laravel\\framework\\src\\Illuminate\\Pipeline\\Pipeline.php(180): Illuminate\\Foundation\\Http\\Middleware\\ConvertEmptyStringsToNull->handle(Object(Illuminate\\Http\\Request), Object(Closure))
#53 F:\\xampp\\htdocs\\JwtAuth\\vendor\\laravel\\framework\\src\\Illuminate\\Foundation\\Http\\Middleware\\TransformsRequest.php(21): Illuminate\\Pipeline\\Pipeline->Illuminate\\Pipeline\\{closure}(Object(Illuminate\\Http\\Request))
#54 F:\\xampp\\htdocs\\JwtAuth\\vendor\\laravel\\framework\\src\\Illuminate\\Foundation\\Http\\Middleware\\TrimStrings.php(40): Illuminate\\Foundation\\Http\\Middleware\\TransformsRequest->handle(Object(Illuminate\\Http\\Request), Object(Closure))
#55 F:\\xampp\\htdocs\\JwtAuth\\vendor\\laravel\\framework\\src\\Illuminate\\Pipeline\\Pipeline.php(180): Illuminate\\Foundation\\Http\\Middleware\\TrimStrings->handle(Object(Illuminate\\Http\\Request), Object(Closure))
#56 F:\\xampp\\htdocs\\JwtAuth\\vendor\\laravel\\framework\\src\\Illuminate\\Foundation\\Http\\Middleware\\ValidatePostSize.php(27): Illuminate\\Pipeline\\Pipeline->Illuminate\\Pipeline\\{closure}(Object(Illuminate\\Http\\Request))
#57 F:\\xampp\\htdocs\\JwtAuth\\vendor\\laravel\\framework\\src\\Illuminate\\Pipeline\\Pipeline.php(180): Illuminate\\Foundation\\Http\\Middleware\\ValidatePostSize->handle(Object(Illuminate\\Http\\Request), Object(Closure))
#58 F:\\xampp\\htdocs\\JwtAuth\\vendor\\laravel\\framework\\src\\Illuminate\\Foundation\\Http\\Middleware\\PreventRequestsDuringMaintenance.php(86): Illuminate\\Pipeline\\Pipeline->Illuminate\\Pipeline\\{closure}(Object(Illuminate\\Http\\Request))
#59 F:\\xampp\\htdocs\\JwtAuth\\vendor\\laravel\\framework\\src\\Illuminate\\Pipeline\\Pipeline.php(180): Illuminate\\Foundation\\Http\\Middleware\\PreventRequestsDuringMaintenance->handle(Object(Illuminate\\Http\\Request), Object(Closure))
#60 F:\\xampp\\htdocs\\JwtAuth\\vendor\\laravel\\framework\\src\\Illuminate\\Http\\Middleware\\HandleCors.php(62): Illuminate\\Pipeline\\Pipeline->Illuminate\\Pipeline\\{closure}(Object(Illuminate\\Http\\Request))
#61 F:\\xampp\\htdocs\\JwtAuth\\vendor\\laravel\\framework\\src\\Illuminate\\Pipeline\\Pipeline.php(180): Illuminate\\Http\\Middleware\\HandleCors->handle(Object(Illuminate\\Http\\Request), Object(Closure))
#62 F:\\xampp\\htdocs\\JwtAuth\\vendor\\laravel\\framework\\src\\Illuminate\\Http\\Middleware\\TrustProxies.php(39): Illuminate\\Pipeline\\Pipeline->Illuminate\\Pipeline\\{closure}(Object(Illuminate\\Http\\Request))
#63 F:\\xampp\\htdocs\\JwtAuth\\vendor\\laravel\\framework\\src\\Illuminate\\Pipeline\\Pipeline.php(180): Illuminate\\Http\\Middleware\\TrustProxies->handle(Object(Illuminate\\Http\\Request), Object(Closure))
#64 F:\\xampp\\htdocs\\JwtAuth\\vendor\\laravel\\framework\\src\\Illuminate\\Pipeline\\Pipeline.php(116): Illuminate\\Pipeline\\Pipeline->Illuminate\\Pipeline\\{closure}(Object(Illuminate\\Http\\Request))
#65 F:\\xampp\\htdocs\\JwtAuth\\vendor\\laravel\\framework\\src\\Illuminate\\Foundation\\Http\\Kernel.php(142): Illuminate\\Pipeline\\Pipeline->then(Object(Closure))
#66 F:\\xampp\\htdocs\\JwtAuth\\vendor\\laravel\\framework\\src\\Illuminate\\Foundation\\Http\\Kernel.php(111): Illuminate\\Foundation\\Http\\Kernel->sendRequestThroughRouter(Object(Illuminate\\Http\\Request))
#67 F:\\xampp\\htdocs\\JwtAuth\\public\\index.php(52): Illuminate\\Foundation\\Http\\Kernel->handle(Object(Illuminate\\Http\\Request))
#68 F:\\xampp\\htdocs\\JwtAuth\\vendor\\laravel\\framework\\src\\Illuminate\\Foundation\\resources\\server.php(16): require_once('F:\\\\xampp\\\\htdocs...')
#69 {main}
"} 
[2022-08-21 08:53:03] local.ERROR: Undefined constant "App\Http\Controllers\response" {"exception":"[object] (Error(code: 0): Undefined constant \"App\\Http\\Controllers\\response\" at F:\\xampp\\htdocs\\JwtAuth\\app\\Http\\Controllers\\UserController.php:31)
[stacktrace]
#0 F:\\xampp\\htdocs\\JwtAuth\\vendor\\laravel\\framework\\src\\Illuminate\\Routing\\Controller.php(54): App\\Http\\Controllers\\UserController->register(Object(Illuminate\\Http\\Request))
#1 F:\\xampp\\htdocs\\JwtAuth\\vendor\\laravel\\framework\\src\\Illuminate\\Routing\\ControllerDispatcher.php(45): Illuminate\\Routing\\Controller->callAction('register', Array)
#2 F:\\xampp\\htdocs\\JwtAuth\\vendor\\laravel\\framework\\src\\Illuminate\\Routing\\Route.php(261): Illuminate\\Routing\\ControllerDispatcher->dispatch(Object(Illuminate\\Routing\\Route), Object(App\\Http\\Controllers\\UserController), 'register')
#3 F:\\xampp\\htdocs\\JwtAuth\\vendor\\laravel\\framework\\src\\Illuminate\\Routing\\Route.php(204): Illuminate\\Routing\\Route->runController()
#4 F:\\xampp\\htdocs\\JwtAuth\\vendor\\laravel\\framework\\src\\Illuminate\\Routing\\Router.php(725): Illuminate\\Routing\\Route->run()
#5 F:\\xampp\\htdocs\\JwtAuth\\vendor\\laravel\\framework\\src\\Illuminate\\Pipeline\\Pipeline.php(141): Illuminate\\Routing\\Router->Illuminate\\Routing\\{closure}(Object(Illuminate\\Http\\Request))
#6 F:\\xampp\\htdocs\\JwtAuth\\vendor\\laravel\\framework\\src\\Illuminate\\Routing\\Middleware\\SubstituteBindings.php(50): Illuminate\\Pipeline\\Pipeline->Illuminate\\Pipeline\\{closure}(Object(Illuminate\\Http\\Request))
#7 F:\\xampp\\htdocs\\JwtAuth\\vendor\\laravel\\framework\\src\\Illuminate\\Pipeline\\Pipeline.php(180): Illuminate\\Routing\\Middleware\\SubstituteBindings->handle(Object(Illuminate\\Http\\Request), Object(Closure))
#8 F:\\xampp\\htdocs\\JwtAuth\\vendor\\laravel\\framework\\src\\Illuminate\\Routing\\Middleware\\ThrottleRequests.php(126): Illuminate\\Pipeline\\Pipeline->Illuminate\\Pipeline\\{closure}(Object(Illuminate\\Http\\Request))
#9 F:\\xampp\\htdocs\\JwtAuth\\vendor\\laravel\\framework\\src\\Illuminate\\Routing\\Middleware\\ThrottleRequests.php(102): Illuminate\\Routing\\Middleware\\ThrottleRequests->handleRequest(Object(Illuminate\\Http\\Request), Object(Closure), Array)
#10 F:\\xampp\\htdocs\\JwtAuth\\vendor\\laravel\\framework\\src\\Illuminate\\Routing\\Middleware\\ThrottleRequests.php(54): Illuminate\\Routing\\Middleware\\ThrottleRequests->handleRequestUsingNamedLimiter(Object(Illuminate\\Http\\Request), Object(Closure), 'api', Object(Closure))
#11 F:\\xampp\\htdocs\\JwtAuth\\vendor\\laravel\\framework\\src\\Illuminate\\Pipeline\\Pipeline.php(180): Illuminate\\Routing\\Middleware\\ThrottleRequests->handle(Object(Illuminate\\Http\\Request), Object(Closure), 'api')
#12 F:\\xampp\\htdocs\\JwtAuth\\vendor\\laravel\\framework\\src\\Illuminate\\Pipeline\\Pipeline.php(116): Illuminate\\Pipeline\\Pipeline->Illuminate\\Pipeline\\{closure}(Object(Illuminate\\Http\\Request))
#13 F:\\xampp\\htdocs\\JwtAuth\\vendor\\laravel\\framework\\src\\Illuminate\\Routing\\Router.php(726): Illuminate\\Pipeline\\Pipeline->then(Object(Closure))
#14 F:\\xampp\\htdocs\\JwtAuth\\vendor\\laravel\\framework\\src\\Illuminate\\Routing\\Router.php(703): Illuminate\\Routing\\Router->runRouteWithinStack(Object(Illuminate\\Routing\\Route), Object(Illuminate\\Http\\Request))
#15 F:\\xampp\\htdocs\\JwtAuth\\vendor\\laravel\\framework\\src\\Illuminate\\Routing\\Router.php(667): Illuminate\\Routing\\Router->runRoute(Object(Illuminate\\Http\\Request), Object(Illuminate\\Routing\\Route))
#16 F:\\xampp\\htdocs\\JwtAuth\\vendor\\laravel\\framework\\src\\Illuminate\\Routing\\Router.php(656): Illuminate\\Routing\\Router->dispatchToRoute(Object(Illuminate\\Http\\Request))
#17 F:\\xampp\\htdocs\\JwtAuth\\vendor\\laravel\\framework\\src\\Illuminate\\Foundation\\Http\\Kernel.php(167): Illuminate\\Routing\\Router->dispatch(Object(Illuminate\\Http\\Request))
#18 F:\\xampp\\htdocs\\JwtAuth\\vendor\\laravel\\framework\\src\\Illuminate\\Pipeline\\Pipeline.php(141): Illuminate\\Foundation\\Http\\Kernel->Illuminate\\Foundation\\Http\\{closure}(Object(Illuminate\\Http\\Request))
#19 F:\\xampp\\htdocs\\JwtAuth\\vendor\\laravel\\framework\\src\\Illuminate\\Foundation\\Http\\Middleware\\TransformsRequest.php(21): Illuminate\\Pipeline\\Pipeline->Illuminate\\Pipeline\\{closure}(Object(Illuminate\\Http\\Request))
#20 F:\\xampp\\htdocs\\JwtAuth\\vendor\\laravel\\framework\\src\\Illuminate\\Foundation\\Http\\Middleware\\ConvertEmptyStringsToNull.php(31): Illuminate\\Foundation\\Http\\Middleware\\TransformsRequest->handle(Object(Illuminate\\Http\\Request), Object(Closure))
#21 F:\\xampp\\htdocs\\JwtAuth\\vendor\\laravel\\framework\\src\\Illuminate\\Pipeline\\Pipeline.php(180): Illuminate\\Foundation\\Http\\Middleware\\ConvertEmptyStringsToNull->handle(Object(Illuminate\\Http\\Request), Object(Closure))
#22 F:\\xampp\\htdocs\\JwtAuth\\vendor\\laravel\\framework\\src\\Illuminate\\Foundation\\Http\\Middleware\\TransformsRequest.php(21): Illuminate\\Pipeline\\Pipeline->Illuminate\\Pipeline\\{closure}(Object(Illuminate\\Http\\Request))
#23 F:\\xampp\\htdocs\\JwtAuth\\vendor\\laravel\\framework\\src\\Illuminate\\Foundation\\Http\\Middleware\\TrimStrings.php(40): Illuminate\\Foundation\\Http\\Middleware\\TransformsRequest->handle(Object(Illuminate\\Http\\Request), Object(Closure))
#24 F:\\xampp\\htdocs\\JwtAuth\\vendor\\laravel\\framework\\src\\Illuminate\\Pipeline\\Pipeline.php(180): Illuminate\\Foundation\\Http\\Middleware\\TrimStrings->handle(Object(Illuminate\\Http\\Request), Object(Closure))
#25 F:\\xampp\\htdocs\\JwtAuth\\vendor\\laravel\\framework\\src\\Illuminate\\Foundation\\Http\\Middleware\\ValidatePostSize.php(27): Illuminate\\Pipeline\\Pipeline->Illuminate\\Pipeline\\{closure}(Object(Illuminate\\Http\\Request))
#26 F:\\xampp\\htdocs\\JwtAuth\\vendor\\laravel\\framework\\src\\Illuminate\\Pipeline\\Pipeline.php(180): Illuminate\\Foundation\\Http\\Middleware\\ValidatePostSize->handle(Object(Illuminate\\Http\\Request), Object(Closure))
#27 F:\\xampp\\htdocs\\JwtAuth\\vendor\\laravel\\framework\\src\\Illuminate\\Foundation\\Http\\Middleware\\PreventRequestsDuringMaintenance.php(86): Illuminate\\Pipeline\\Pipeline->Illuminate\\Pipeline\\{closure}(Object(Illuminate\\Http\\Request))
#28 F:\\xampp\\htdocs\\JwtAuth\\vendor\\laravel\\framework\\src\\Illuminate\\Pipeline\\Pipeline.php(180): Illuminate\\Foundation\\Http\\Middleware\\PreventRequestsDuringMaintenance->handle(Object(Illuminate\\Http\\Request), Object(Closure))
#29 F:\\xampp\\htdocs\\JwtAuth\\vendor\\laravel\\framework\\src\\Illuminate\\Http\\Middleware\\HandleCors.php(62): Illuminate\\Pipeline\\Pipeline->Illuminate\\Pipeline\\{closure}(Object(Illuminate\\Http\\Request))
#30 F:\\xampp\\htdocs\\JwtAuth\\vendor\\laravel\\framework\\src\\Illuminate\\Pipeline\\Pipeline.php(180): Illuminate\\Http\\Middleware\\HandleCors->handle(Object(Illuminate\\Http\\Request), Object(Closure))
#31 F:\\xampp\\htdocs\\JwtAuth\\vendor\\laravel\\framework\\src\\Illuminate\\Http\\Middleware\\TrustProxies.php(39): Illuminate\\Pipeline\\Pipeline->Illuminate\\Pipeline\\{closure}(Object(Illuminate\\Http\\Request))
#32 F:\\xampp\\htdocs\\JwtAuth\\vendor\\laravel\\framework\\src\\Illuminate\\Pipeline\\Pipeline.php(180): Illuminate\\Http\\Middleware\\TrustProxies->handle(Object(Illuminate\\Http\\Request), Object(Closure))
#33 F:\\xampp\\htdocs\\JwtAuth\\vendor\\laravel\\framework\\src\\Illuminate\\Pipeline\\Pipeline.php(116): Illuminate\\Pipeline\\Pipeline->Illuminate\\Pipeline\\{closure}(Object(Illuminate\\Http\\Request))
#34 F:\\xampp\\htdocs\\JwtAuth\\vendor\\laravel\\framework\\src\\Illuminate\\Foundation\\Http\\Kernel.php(142): Illuminate\\Pipeline\\Pipeline->then(Object(Closure))
#35 F:\\xampp\\htdocs\\JwtAuth\\vendor\\laravel\\framework\\src\\Illuminate\\Foundation\\Http\\Kernel.php(111): Illuminate\\Foundation\\Http\\Kernel->sendRequestThroughRouter(Object(Illuminate\\Http\\Request))
#36 F:\\xampp\\htdocs\\JwtAuth\\public\\index.php(52): Illuminate\\Foundation\\Http\\Kernel->handle(Object(Illuminate\\Http\\Request))
#37 F:\\xampp\\htdocs\\JwtAuth\\vendor\\laravel\\framework\\src\\Illuminate\\Foundation\\resources\\server.php(16): require_once('F:\\\\xampp\\\\htdocs...')
#38 {main}
"} 
[2022-08-21 09:15:34] local.ERROR: The token has been blacklisted {"exception":"[object] (Tymon\\JWTAuth\\Exceptions\\TokenBlacklistedException(code: 0): The token has been blacklisted at F:\\xampp\\htdocs\\JwtAuth\\vendor\\tymon\\jwt-auth\\src\\Manager.php:106)
[stacktrace]
#0 F:\\xampp\\htdocs\\JwtAuth\\vendor\\tymon\\jwt-auth\\src\\Manager.php(124): Tymon\\JWTAuth\\Manager->decode(Object(Tymon\\JWTAuth\\Token))
#1 F:\\xampp\\htdocs\\JwtAuth\\vendor\\tymon\\jwt-auth\\src\\JWT.php(102): Tymon\\JWTAuth\\Manager->refresh(Object(Tymon\\JWTAuth\\Token), false, false)
#2 F:\\xampp\\htdocs\\JwtAuth\\vendor\\tymon\\jwt-auth\\src\\JWTGuard.php(167): Tymon\\JWTAuth\\JWT->refresh(false, false)
#3 F:\\xampp\\htdocs\\JwtAuth\\vendor\\laravel\\framework\\src\\Illuminate\\Auth\\AuthManager.php(332): Tymon\\JWTAuth\\JWTGuard->refresh()
#4 F:\\xampp\\htdocs\\JwtAuth\\app\\Http\\Controllers\\UserController.php(66): Illuminate\\Auth\\AuthManager->__call('refresh', Array)
#5 F:\\xampp\\htdocs\\JwtAuth\\vendor\\laravel\\framework\\src\\Illuminate\\Routing\\Controller.php(54): App\\Http\\Controllers\\UserController->refresh()
#6 F:\\xampp\\htdocs\\JwtAuth\\vendor\\laravel\\framework\\src\\Illuminate\\Routing\\ControllerDispatcher.php(45): Illuminate\\Routing\\Controller->callAction('refresh', Array)
#7 F:\\xampp\\htdocs\\JwtAuth\\vendor\\laravel\\framework\\src\\Illuminate\\Routing\\Route.php(261): Illuminate\\Routing\\ControllerDispatcher->dispatch(Object(Illuminate\\Routing\\Route), Object(App\\Http\\Controllers\\UserController), 'refresh')
#8 F:\\xampp\\htdocs\\JwtAuth\\vendor\\laravel\\framework\\src\\Illuminate\\Routing\\Route.php(204): Illuminate\\Routing\\Route->runController()
#9 F:\\xampp\\htdocs\\JwtAuth\\vendor\\laravel\\framework\\src\\Illuminate\\Routing\\Router.php(725): Illuminate\\Routing\\Route->run()
#10 F:\\xampp\\htdocs\\JwtAuth\\vendor\\laravel\\framework\\src\\Illuminate\\Pipeline\\Pipeline.php(141): Illuminate\\Routing\\Router->Illuminate\\Routing\\{closure}(Object(Illuminate\\Http\\Request))
#11 F:\\xampp\\htdocs\\JwtAuth\\vendor\\laravel\\framework\\src\\Illuminate\\Routing\\Middleware\\SubstituteBindings.php(50): Illuminate\\Pipeline\\Pipeline->Illuminate\\Pipeline\\{closure}(Object(Illuminate\\Http\\Request))
#12 F:\\xampp\\htdocs\\JwtAuth\\vendor\\laravel\\framework\\src\\Illuminate\\Pipeline\\Pipeline.php(180): Illuminate\\Routing\\Middleware\\SubstituteBindings->handle(Object(Illuminate\\Http\\Request), Object(Closure))
#13 F:\\xampp\\htdocs\\JwtAuth\\vendor\\laravel\\framework\\src\\Illuminate\\Routing\\Middleware\\ThrottleRequests.php(126): Illuminate\\Pipeline\\Pipeline->Illuminate\\Pipeline\\{closure}(Object(Illuminate\\Http\\Request))
#14 F:\\xampp\\htdocs\\JwtAuth\\vendor\\laravel\\framework\\src\\Illuminate\\Routing\\Middleware\\ThrottleRequests.php(102): Illuminate\\Routing\\Middleware\\ThrottleRequests->handleRequest(Object(Illuminate\\Http\\Request), Object(Closure), Array)
#15 F:\\xampp\\htdocs\\JwtAuth\\vendor\\laravel\\framework\\src\\Illuminate\\Routing\\Middleware\\ThrottleRequests.php(54): Illuminate\\Routing\\Middleware\\ThrottleRequests->handleRequestUsingNamedLimiter(Object(Illuminate\\Http\\Request), Object(Closure), 'api', Object(Closure))
#16 F:\\xampp\\htdocs\\JwtAuth\\vendor\\laravel\\framework\\src\\Illuminate\\Pipeline\\Pipeline.php(180): Illuminate\\Routing\\Middleware\\ThrottleRequests->handle(Object(Illuminate\\Http\\Request), Object(Closure), 'api')
#17 F:\\xampp\\htdocs\\JwtAuth\\vendor\\laravel\\framework\\src\\Illuminate\\Pipeline\\Pipeline.php(116): Illuminate\\Pipeline\\Pipeline->Illuminate\\Pipeline\\{closure}(Object(Illuminate\\Http\\Request))
#18 F:\\xampp\\htdocs\\JwtAuth\\vendor\\laravel\\framework\\src\\Illuminate\\Routing\\Router.php(726): Illuminate\\Pipeline\\Pipeline->then(Object(Closure))
#19 F:\\xampp\\htdocs\\JwtAuth\\vendor\\laravel\\framework\\src\\Illuminate\\Routing\\Router.php(703): Illuminate\\Routing\\Router->runRouteWithinStack(Object(Illuminate\\Routing\\Route), Object(Illuminate\\Http\\Request))
#20 F:\\xampp\\htdocs\\JwtAuth\\vendor\\laravel\\framework\\src\\Illuminate\\Routing\\Router.php(667): Illuminate\\Routing\\Router->runRoute(Object(Illuminate\\Http\\Request), Object(Illuminate\\Routing\\Route))
#21 F:\\xampp\\htdocs\\JwtAuth\\vendor\\laravel\\framework\\src\\Illuminate\\Routing\\Router.php(656): Illuminate\\Routing\\Router->dispatchToRoute(Object(Illuminate\\Http\\Request))
#22 F:\\xampp\\htdocs\\JwtAuth\\vendor\\laravel\\framework\\src\\Illuminate\\Foundation\\Http\\Kernel.php(167): Illuminate\\Routing\\Router->dispatch(Object(Illuminate\\Http\\Request))
#23 F:\\xampp\\htdocs\\JwtAuth\\vendor\\laravel\\framework\\src\\Illuminate\\Pipeline\\Pipeline.php(141): Illuminate\\Foundation\\Http\\Kernel->Illuminate\\Foundation\\Http\\{closure}(Object(Illuminate\\Http\\Request))
#24 F:\\xampp\\htdocs\\JwtAuth\\vendor\\laravel\\framework\\src\\Illuminate\\Foundation\\Http\\Middleware\\TransformsRequest.php(21): Illuminate\\Pipeline\\Pipeline->Illuminate\\Pipeline\\{closure}(Object(Illuminate\\Http\\Request))
#25 F:\\xampp\\htdocs\\JwtAuth\\vendor\\laravel\\framework\\src\\Illuminate\\Foundation\\Http\\Middleware\\ConvertEmptyStringsToNull.php(31): Illuminate\\Foundation\\Http\\Middleware\\TransformsRequest->handle(Object(Illuminate\\Http\\Request), Object(Closure))
#26 F:\\xampp\\htdocs\\JwtAuth\\vendor\\laravel\\framework\\src\\Illuminate\\Pipeline\\Pipeline.php(180): Illuminate\\Foundation\\Http\\Middleware\\ConvertEmptyStringsToNull->handle(Object(Illuminate\\Http\\Request), Object(Closure))
#27 F:\\xampp\\htdocs\\JwtAuth\\vendor\\laravel\\framework\\src\\Illuminate\\Foundation\\Http\\Middleware\\TransformsRequest.php(21): Illuminate\\Pipeline\\Pipeline->Illuminate\\Pipeline\\{closure}(Object(Illuminate\\Http\\Request))
#28 F:\\xampp\\htdocs\\JwtAuth\\vendor\\laravel\\framework\\src\\Illuminate\\Foundation\\Http\\Middleware\\TrimStrings.php(40): Illuminate\\Foundation\\Http\\Middleware\\TransformsRequest->handle(Object(Illuminate\\Http\\Request), Object(Closure))
#29 F:\\xampp\\htdocs\\JwtAuth\\vendor\\laravel\\framework\\src\\Illuminate\\Pipeline\\Pipeline.php(180): Illuminate\\Foundation\\Http\\Middleware\\TrimStrings->handle(Object(Illuminate\\Http\\Request), Object(Closure))
#30 F:\\xampp\\htdocs\\JwtAuth\\vendor\\laravel\\framework\\src\\Illuminate\\Foundation\\Http\\Middleware\\ValidatePostSize.php(27): Illuminate\\Pipeline\\Pipeline->Illuminate\\Pipeline\\{closure}(Object(Illuminate\\Http\\Request))
#31 F:\\xampp\\htdocs\\JwtAuth\\vendor\\laravel\\framework\\src\\Illuminate\\Pipeline\\Pipeline.php(180): Illuminate\\Foundation\\Http\\Middleware\\ValidatePostSize->handle(Object(Illuminate\\Http\\Request), Object(Closure))
#32 F:\\xampp\\htdocs\\JwtAuth\\vendor\\laravel\\framework\\src\\Illuminate\\Foundation\\Http\\Middleware\\PreventRequestsDuringMaintenance.php(86): Illuminate\\Pipeline\\Pipeline->Illuminate\\Pipeline\\{closure}(Object(Illuminate\\Http\\Request))
#33 F:\\xampp\\htdocs\\JwtAuth\\vendor\\laravel\\framework\\src\\Illuminate\\Pipeline\\Pipeline.php(180): Illuminate\\Foundation\\Http\\Middleware\\PreventRequestsDuringMaintenance->handle(Object(Illuminate\\Http\\Request), Object(Closure))
#34 F:\\xampp\\htdocs\\JwtAuth\\vendor\\laravel\\framework\\src\\Illuminate\\Http\\Middleware\\HandleCors.php(62): Illuminate\\Pipeline\\Pipeline->Illuminate\\Pipeline\\{closure}(Object(Illuminate\\Http\\Request))
#35 F:\\xampp\\htdocs\\JwtAuth\\vendor\\laravel\\framework\\src\\Illuminate\\Pipeline\\Pipeline.php(180): Illuminate\\Http\\Middleware\\HandleCors->handle(Object(Illuminate\\Http\\Request), Object(Closure))
#36 F:\\xampp\\htdocs\\JwtAuth\\vendor\\laravel\\framework\\src\\Illuminate\\Http\\Middleware\\TrustProxies.php(39): Illuminate\\Pipeline\\Pipeline->Illuminate\\Pipeline\\{closure}(Object(Illuminate\\Http\\Request))
#37 F:\\xampp\\htdocs\\JwtAuth\\vendor\\laravel\\framework\\src\\Illuminate\\Pipeline\\Pipeline.php(180): Illuminate\\Http\\Middleware\\TrustProxies->handle(Object(Illuminate\\Http\\Request), Object(Closure))
#38 F:\\xampp\\htdocs\\JwtAuth\\vendor\\laravel\\framework\\src\\Illuminate\\Pipeline\\Pipeline.php(116): Illuminate\\Pipeline\\Pipeline->Illuminate\\Pipeline\\{closure}(Object(Illuminate\\Http\\Request))
#39 F:\\xampp\\htdocs\\JwtAuth\\vendor\\laravel\\framework\\src\\Illuminate\\Foundation\\Http\\Kernel.php(142): Illuminate\\Pipeline\\Pipeline->then(Object(Closure))
#40 F:\\xampp\\htdocs\\JwtAuth\\vendor\\laravel\\framework\\src\\Illuminate\\Foundation\\Http\\Kernel.php(111): Illuminate\\Foundation\\Http\\Kernel->sendRequestThroughRouter(Object(Illuminate\\Http\\Request))
#41 F:\\xampp\\htdocs\\JwtAuth\\public\\index.php(52): Illuminate\\Foundation\\Http\\Kernel->handle(Object(Illuminate\\Http\\Request))
#42 F:\\xampp\\htdocs\\JwtAuth\\vendor\\laravel\\framework\\src\\Illuminate\\Foundation\\resources\\server.php(16): require_once('F:\\\\xampp\\\\htdocs...')
#43 {main}
"} 
[2022-08-21 09:16:05] local.ERROR: The token has been blacklisted {"exception":"[object] (Tymon\\JWTAuth\\Exceptions\\TokenBlacklistedException(code: 0): The token has been blacklisted at F:\\xampp\\htdocs\\JwtAuth\\vendor\\tymon\\jwt-auth\\src\\Manager.php:106)
[stacktrace]
#0 F:\\xampp\\htdocs\\JwtAuth\\vendor\\tymon\\jwt-auth\\src\\Manager.php(124): Tymon\\JWTAuth\\Manager->decode(Object(Tymon\\JWTAuth\\Token))
#1 F:\\xampp\\htdocs\\JwtAuth\\vendor\\tymon\\jwt-auth\\src\\JWT.php(102): Tymon\\JWTAuth\\Manager->refresh(Object(Tymon\\JWTAuth\\Token), false, false)
#2 F:\\xampp\\htdocs\\JwtAuth\\vendor\\tymon\\jwt-auth\\src\\JWTGuard.php(167): Tymon\\JWTAuth\\JWT->refresh(false, false)
#3 F:\\xampp\\htdocs\\JwtAuth\\vendor\\laravel\\framework\\src\\Illuminate\\Auth\\AuthManager.php(332): Tymon\\JWTAuth\\JWTGuard->refresh()
#4 F:\\xampp\\htdocs\\JwtAuth\\app\\Http\\Controllers\\UserController.php(66): Illuminate\\Auth\\AuthManager->__call('refresh', Array)
#5 F:\\xampp\\htdocs\\JwtAuth\\vendor\\laravel\\framework\\src\\Illuminate\\Routing\\Controller.php(54): App\\Http\\Controllers\\UserController->refresh()
#6 F:\\xampp\\htdocs\\JwtAuth\\vendor\\laravel\\framework\\src\\Illuminate\\Routing\\ControllerDispatcher.php(45): Illuminate\\Routing\\Controller->callAction('refresh', Array)
#7 F:\\xampp\\htdocs\\JwtAuth\\vendor\\laravel\\framework\\src\\Illuminate\\Routing\\Route.php(261): Illuminate\\Routing\\ControllerDispatcher->dispatch(Object(Illuminate\\Routing\\Route), Object(App\\Http\\Controllers\\UserController), 'refresh')
#8 F:\\xampp\\htdocs\\JwtAuth\\vendor\\laravel\\framework\\src\\Illuminate\\Routing\\Route.php(204): Illuminate\\Routing\\Route->runController()
#9 F:\\xampp\\htdocs\\JwtAuth\\vendor\\laravel\\framework\\src\\Illuminate\\Routing\\Router.php(725): Illuminate\\Routing\\Route->run()
#10 F:\\xampp\\htdocs\\JwtAuth\\vendor\\laravel\\framework\\src\\Illuminate\\Pipeline\\Pipeline.php(141): Illuminate\\Routing\\Router->Illuminate\\Routing\\{closure}(Object(Illuminate\\Http\\Request))
#11 F:\\xampp\\htdocs\\JwtAuth\\vendor\\laravel\\framework\\src\\Illuminate\\Routing\\Middleware\\SubstituteBindings.php(50): Illuminate\\Pipeline\\Pipeline->Illuminate\\Pipeline\\{closure}(Object(Illuminate\\Http\\Request))
#12 F:\\xampp\\htdocs\\JwtAuth\\vendor\\laravel\\framework\\src\\Illuminate\\Pipeline\\Pipeline.php(180): Illuminate\\Routing\\Middleware\\SubstituteBindings->handle(Object(Illuminate\\Http\\Request), Object(Closure))
#13 F:\\xampp\\htdocs\\JwtAuth\\vendor\\laravel\\framework\\src\\Illuminate\\Routing\\Middleware\\ThrottleRequests.php(126): Illuminate\\Pipeline\\Pipeline->Illuminate\\Pipeline\\{closure}(Object(Illuminate\\Http\\Request))
#14 F:\\xampp\\htdocs\\JwtAuth\\vendor\\laravel\\framework\\src\\Illuminate\\Routing\\Middleware\\ThrottleRequests.php(102): Illuminate\\Routing\\Middleware\\ThrottleRequests->handleRequest(Object(Illuminate\\Http\\Request), Object(Closure), Array)
#15 F:\\xampp\\htdocs\\JwtAuth\\vendor\\laravel\\framework\\src\\Illuminate\\Routing\\Middleware\\ThrottleRequests.php(54): Illuminate\\Routing\\Middleware\\ThrottleRequests->handleRequestUsingNamedLimiter(Object(Illuminate\\Http\\Request), Object(Closure), 'api', Object(Closure))
#16 F:\\xampp\\htdocs\\JwtAuth\\vendor\\laravel\\framework\\src\\Illuminate\\Pipeline\\Pipeline.php(180): Illuminate\\Routing\\Middleware\\ThrottleRequests->handle(Object(Illuminate\\Http\\Request), Object(Closure), 'api')
#17 F:\\xampp\\htdocs\\JwtAuth\\vendor\\laravel\\framework\\src\\Illuminate\\Pipeline\\Pipeline.php(116): Illuminate\\Pipeline\\Pipeline->Illuminate\\Pipeline\\{closure}(Object(Illuminate\\Http\\Request))
#18 F:\\xampp\\htdocs\\JwtAuth\\vendor\\laravel\\framework\\src\\Illuminate\\Routing\\Router.php(726): Illuminate\\Pipeline\\Pipeline->then(Object(Closure))
#19 F:\\xampp\\htdocs\\JwtAuth\\vendor\\laravel\\framework\\src\\Illuminate\\Routing\\Router.php(703): Illuminate\\Routing\\Router->runRouteWithinStack(Object(Illuminate\\Routing\\Route), Object(Illuminate\\Http\\Request))
#20 F:\\xampp\\htdocs\\JwtAuth\\vendor\\laravel\\framework\\src\\Illuminate\\Routing\\Router.php(667): Illuminate\\Routing\\Router->runRoute(Object(Illuminate\\Http\\Request), Object(Illuminate\\Routing\\Route))
#21 F:\\xampp\\htdocs\\JwtAuth\\vendor\\laravel\\framework\\src\\Illuminate\\Routing\\Router.php(656): Illuminate\\Routing\\Router->dispatchToRoute(Object(Illuminate\\Http\\Request))
#22 F:\\xampp\\htdocs\\JwtAuth\\vendor\\laravel\\framework\\src\\Illuminate\\Foundation\\Http\\Kernel.php(167): Illuminate\\Routing\\Router->dispatch(Object(Illuminate\\Http\\Request))
#23 F:\\xampp\\htdocs\\JwtAuth\\vendor\\laravel\\framework\\src\\Illuminate\\Pipeline\\Pipeline.php(141): Illuminate\\Foundation\\Http\\Kernel->Illuminate\\Foundation\\Http\\{closure}(Object(Illuminate\\Http\\Request))
#24 F:\\xampp\\htdocs\\JwtAuth\\vendor\\laravel\\framework\\src\\Illuminate\\Foundation\\Http\\Middleware\\TransformsRequest.php(21): Illuminate\\Pipeline\\Pipeline->Illuminate\\Pipeline\\{closure}(Object(Illuminate\\Http\\Request))
#25 F:\\xampp\\htdocs\\JwtAuth\\vendor\\laravel\\framework\\src\\Illuminate\\Foundation\\Http\\Middleware\\ConvertEmptyStringsToNull.php(31): Illuminate\\Foundation\\Http\\Middleware\\TransformsRequest->handle(Object(Illuminate\\Http\\Request), Object(Closure))
#26 F:\\xampp\\htdocs\\JwtAuth\\vendor\\laravel\\framework\\src\\Illuminate\\Pipeline\\Pipeline.php(180): Illuminate\\Foundation\\Http\\Middleware\\ConvertEmptyStringsToNull->handle(Object(Illuminate\\Http\\Request), Object(Closure))
#27 F:\\xampp\\htdocs\\JwtAuth\\vendor\\laravel\\framework\\src\\Illuminate\\Foundation\\Http\\Middleware\\TransformsRequest.php(21): Illuminate\\Pipeline\\Pipeline->Illuminate\\Pipeline\\{closure}(Object(Illuminate\\Http\\Request))
#28 F:\\xampp\\htdocs\\JwtAuth\\vendor\\laravel\\framework\\src\\Illuminate\\Foundation\\Http\\Middleware\\TrimStrings.php(40): Illuminate\\Foundation\\Http\\Middleware\\TransformsRequest->handle(Object(Illuminate\\Http\\Request), Object(Closure))
#29 F:\\xampp\\htdocs\\JwtAuth\\vendor\\laravel\\framework\\src\\Illuminate\\Pipeline\\Pipeline.php(180): Illuminate\\Foundation\\Http\\Middleware\\TrimStrings->handle(Object(Illuminate\\Http\\Request), Object(Closure))
#30 F:\\xampp\\htdocs\\JwtAuth\\vendor\\laravel\\framework\\src\\Illuminate\\Foundation\\Http\\Middleware\\ValidatePostSize.php(27): Illuminate\\Pipeline\\Pipeline->Illuminate\\Pipeline\\{closure}(Object(Illuminate\\Http\\Request))
#31 F:\\xampp\\htdocs\\JwtAuth\\vendor\\laravel\\framework\\src\\Illuminate\\Pipeline\\Pipeline.php(180): Illuminate\\Foundation\\Http\\Middleware\\ValidatePostSize->handle(Object(Illuminate\\Http\\Request), Object(Closure))
#32 F:\\xampp\\htdocs\\JwtAuth\\vendor\\laravel\\framework\\src\\Illuminate\\Foundation\\Http\\Middleware\\PreventRequestsDuringMaintenance.php(86): Illuminate\\Pipeline\\Pipeline->Illuminate\\Pipeline\\{closure}(Object(Illuminate\\Http\\Request))
#33 F:\\xampp\\htdocs\\JwtAuth\\vendor\\laravel\\framework\\src\\Illuminate\\Pipeline\\Pipeline.php(180): Illuminate\\Foundation\\Http\\Middleware\\PreventRequestsDuringMaintenance->handle(Object(Illuminate\\Http\\Request), Object(Closure))
#34 F:\\xampp\\htdocs\\JwtAuth\\vendor\\laravel\\framework\\src\\Illuminate\\Http\\Middleware\\HandleCors.php(62): Illuminate\\Pipeline\\Pipeline->Illuminate\\Pipeline\\{closure}(Object(Illuminate\\Http\\Request))
#35 F:\\xampp\\htdocs\\JwtAuth\\vendor\\laravel\\framework\\src\\Illuminate\\Pipeline\\Pipeline.php(180): Illuminate\\Http\\Middleware\\HandleCors->handle(Object(Illuminate\\Http\\Request), Object(Closure))
#36 F:\\xampp\\htdocs\\JwtAuth\\vendor\\laravel\\framework\\src\\Illuminate\\Http\\Middleware\\TrustProxies.php(39): Illuminate\\Pipeline\\Pipeline->Illuminate\\Pipeline\\{closure}(Object(Illuminate\\Http\\Request))
#37 F:\\xampp\\htdocs\\JwtAuth\\vendor\\laravel\\framework\\src\\Illuminate\\Pipeline\\Pipeline.php(180): Illuminate\\Http\\Middleware\\TrustProxies->handle(Object(Illuminate\\Http\\Request), Object(Closure))
#38 F:\\xampp\\htdocs\\JwtAuth\\vendor\\laravel\\framework\\src\\Illuminate\\Pipeline\\Pipeline.php(116): Illuminate\\Pipeline\\Pipeline->Illuminate\\Pipeline\\{closure}(Object(Illuminate\\Http\\Request))
#39 F:\\xampp\\htdocs\\JwtAuth\\vendor\\laravel\\framework\\src\\Illuminate\\Foundation\\Http\\Kernel.php(142): Illuminate\\Pipeline\\Pipeline->then(Object(Closure))
#40 F:\\xampp\\htdocs\\JwtAuth\\vendor\\laravel\\framework\\src\\Illuminate\\Foundation\\Http\\Kernel.php(111): Illuminate\\Foundation\\Http\\Kernel->sendRequestThroughRouter(Object(Illuminate\\Http\\Request))
#41 F:\\xampp\\htdocs\\JwtAuth\\public\\index.php(52): Illuminate\\Foundation\\Http\\Kernel->handle(Object(Illuminate\\Http\\Request))
#42 F:\\xampp\\htdocs\\JwtAuth\\vendor\\laravel\\framework\\src\\Illuminate\\Foundation\\resources\\server.php(16): require_once('F:\\\\xampp\\\\htdocs...')
#43 {main}
"} 
